Using pre-set license
Built from '2020.3/staging' branch; Version is '2020.3.25f1 (9b9180224418) revision 10195328'; Using compiler version '192528614'; Build Type 'Release'
OS: 'Windows 10  (10.0.19044) 64bit Core' Language: 'en' Physical Memory: 16293 MB
BatchMode: 1, IsHumanControllingUs: 0, StartBugReporterOnCrash: 0, Is64bit: 1, IsPro: 0

COMMAND LINE ARGUMENTS:
C:\Program Files\Unity\Hub\Editor\2020.3.25f1\Editor\Unity.exe
-adb2
-batchMode
-noUpm
-name
AssetImportWorker0
-projectPath
C:/Users/Alex/UnityProjects/Sprint 4
-logFile
Logs/AssetImportWorker0.log
-srvPort
62092
Successfully changed project path to: C:/Users/Alex/UnityProjects/Sprint 4
C:/Users/Alex/UnityProjects/Sprint 4
Using Asset Import Pipeline V2.
Refreshing native plugins compatible for Editor in 141.71 ms, found 2 plugins.
Preloading 0 native plugins for Editor in 0.00 ms.
Initialize engine version: 2020.3.25f1 (9b9180224418)
[Subsystems] Discovering subsystems at path C:/Program Files/Unity/Hub/Editor/2020.3.25f1/Editor/Data/Resources/UnitySubsystems
[Subsystems] Discovering subsystems at path C:/Users/Alex/UnityProjects/Sprint 4/Assets
GfxDevice: creating device client; threaded=0
Direct3D:
    Version:  Direct3D 11.0 [level 11.1]
    Renderer: NVIDIA GeForce GTX 1660 Ti (ID=0x2182)
    Vendor:   
    VRAM:     5991 MB
    Driver:   30.0.14.7141
Initialize mono
Mono path[0] = 'C:/Program Files/Unity/Hub/Editor/2020.3.25f1/Editor/Data/Managed'
Mono path[1] = 'C:/Program Files/Unity/Hub/Editor/2020.3.25f1/Editor/Data/MonoBleedingEdge/lib/mono/unityjit'
Mono config path = 'C:/Program Files/Unity/Hub/Editor/2020.3.25f1/Editor/Data/MonoBleedingEdge/etc'
Using monoOptions --debugger-agent=transport=dt_socket,embedding=1,server=y,suspend=n,address=127.0.0.1:56268
Begin MonoManager ReloadAssembly
Registering precompiled unity dll's ...
Register platform support module: C:/Program Files/Unity/Hub/Editor/2020.3.25f1/Editor/Data/PlaybackEngines/WebGLSupport/UnityEditor.WebGL.Extensions.dll
Register platform support module: C:/Program Files/Unity/Hub/Editor/2020.3.25f1/Editor/Data/PlaybackEngines/WindowsStandaloneSupport/UnityEditor.WindowsStandalone.Extensions.dll
Registered in 0.002969 seconds.
Native extension for WindowsStandalone target not found
Native extension for WebGL target not found
Refreshing native plugins compatible for Editor in 124.53 ms, found 2 plugins.
Preloading 0 native plugins for Editor in 0.00 ms.
Mono: successfully reloaded assembly
- Completed reload, in  0.693 seconds
Domain Reload Profiling:
	ReloadAssembly (693ms)
		BeginReloadAssembly (53ms)
			ExecutionOrderSort (0ms)
			DisableScriptedObjects (0ms)
			BackupInstance (0ms)
			ReleaseScriptingObjects (0ms)
			CreateAndSetChildDomain (1ms)
		EndReloadAssembly (559ms)
			LoadAssemblies (50ms)
			RebuildTransferFunctionScriptingTraits (0ms)
			SetupTypeCache (155ms)
			ReleaseScriptCaches (0ms)
			RebuildScriptCaches (37ms)
			SetupLoadedEditorAssemblies (261ms)
				LogAssemblyErrors (0ms)
				InitializePlatformSupportModulesInManaged (7ms)
				SetLoadedEditorAssemblies (0ms)
				RefreshPlugins (125ms)
				BeforeProcessingInitializeOnLoad (17ms)
				ProcessInitializeOnLoadAttributes (84ms)
				ProcessInitializeOnLoadMethodAttributes (28ms)
				AfterProcessingInitializeOnLoad (0ms)
				EditorAssembliesLoaded (0ms)
			ExecutionOrderSort2 (0ms)
			AwakeInstancesAfterBackupRestoration (0ms)
Platform modules already initialized, skipping
Registering precompiled user dll's ...
Registered in 0.007905 seconds.
Begin MonoManager ReloadAssembly
Native extension for WindowsStandalone target not found
Native extension for WebGL target not found
Refreshing native plugins compatible for Editor in 123.30 ms, found 2 plugins.
Preloading 0 native plugins for Editor in 0.00 ms.
Mono: successfully reloaded assembly
- Completed reload, in  1.608 seconds
Domain Reload Profiling:
	ReloadAssembly (1609ms)
		BeginReloadAssembly (137ms)
			ExecutionOrderSort (0ms)
			DisableScriptedObjects (4ms)
			BackupInstance (0ms)
			ReleaseScriptingObjects (0ms)
			CreateAndSetChildDomain (22ms)
		EndReloadAssembly (1412ms)
			LoadAssemblies (91ms)
			RebuildTransferFunctionScriptingTraits (0ms)
			SetupTypeCache (358ms)
			ReleaseScriptCaches (1ms)
			RebuildScriptCaches (107ms)
			SetupLoadedEditorAssemblies (729ms)
				LogAssemblyErrors (0ms)
				InitializePlatformSupportModulesInManaged (4ms)
				SetLoadedEditorAssemblies (0ms)
				RefreshPlugins (123ms)
				BeforeProcessingInitializeOnLoad (118ms)
				ProcessInitializeOnLoadAttributes (307ms)
				ProcessInitializeOnLoadMethodAttributes (169ms)
				AfterProcessingInitializeOnLoad (7ms)
				EditorAssembliesLoaded (0ms)
			ExecutionOrderSort2 (0ms)
			AwakeInstancesAfterBackupRestoration (5ms)
Platform modules already initialized, skipping
========================================================================
Worker process is ready to serve import requests
Launched and connected shader compiler UnityShaderCompiler.exe after 0.06 seconds
Refreshing native plugins compatible for Editor in 1.28 ms, found 2 plugins.
Preloading 0 native plugins for Editor in 0.00 ms.
Unloading 4715 Unused Serialized files (Serialized files now loaded: 0)
System memory in use before: 268.5 MB.
System memory in use after: 268.8 MB.

Unloading 24 unused Assets to reduce memory usage. Loaded Objects now: 5194.
Total: 4.227700 ms (FindLiveObjects: 0.487400 ms CreateObjectMapping: 0.110800 ms MarkObjects: 3.396000 ms  DeleteObjects: 0.231400 ms)

AssetImportParameters requested are different than current active one (requested -> active):
  custom:framework-win-MediaFoundation: 216162199b28c13a410421893ffa2e32 -> 
  custom:video-decoder-ogg-theora: a1e56fd34408186e4bbccfd4996cb3dc -> 
  custom:container-muxer-webm: aa71ff27fc2769a1b78a27578f13a17b -> 
  custom:container-demuxer-webm: 4f35f7cbe854078d1ac9338744f61a02 -> 
  custom:container-demuxer-ogg: 62fdf1f143b41e24485cea50d1cbac27 -> 
  custom:video-encoder-webm-vp8: eb34c28f22e8b96e1ab97ce403110664 -> 
  custom:video-decoder-webm-vp8: 9c59270c3fd7afecdb556c50c9e8de78 -> 
  custom:audio-decoder-ogg-vorbis: bf7c407c2cedff20999df2af8eb42d56 -> 
  custom:audio-encoder-webm-vorbis: bf7c407c2cedff20999df2af8eb42d56 -> 
========================================================================
Received Import Request.
  path: Assets/IgniteCoders
  artifactKey: Guid(9b740820844c46347bd5ba2d3c7a9085) Importer(815301076,1909f56bfc062723c751e8b465ee728b)
Start importing Assets/IgniteCoders using Guid(9b740820844c46347bd5ba2d3c7a9085) Importer(815301076,1909f56bfc062723c751e8b465ee728b)  -> (artifact id: 'ddc3ed2d5fc49c033af92869e903e3bd') in 0.013699 seconds 
  Import took 0.020680 seconds .

========================================================================
Received Import Request.
  Time since last request: 18.088707 seconds.
  path: Assets/Outside Assets
  artifactKey: Guid(314ca6e0839ad334e8ccbfb9a95901d1) Importer(815301076,1909f56bfc062723c751e8b465ee728b)
Start importing Assets/Outside Assets using Guid(314ca6e0839ad334e8ccbfb9a95901d1) Importer(815301076,1909f56bfc062723c751e8b465ee728b)  -> (artifact id: '876bcff921758dce98c07e44c10a0078') in 0.005449 seconds 
  Import took 0.013142 seconds .

========================================================================
Received Import Request.
  Time since last request: 58.865582 seconds.
  path: Assets/Outside Assets/Breakable Windows/Scripts/BreakableWindow.cs
  artifactKey: Guid(e485ffd1c36d8f3469c0cfc672808fee) Importer(815301076,1909f56bfc062723c751e8b465ee728b)
Start importing Assets/Outside Assets/Breakable Windows/Scripts/BreakableWindow.cs using Guid(e485ffd1c36d8f3469c0cfc672808fee) Importer(815301076,1909f56bfc062723c751e8b465ee728b)  -> (artifact id: '63130869d6283c91e01ba52b5992920e') in 0.033572 seconds 
  Import took 0.042967 seconds .

========================================================================
Received Import Request.
  Time since last request: 55.985210 seconds.
  path: Assets/HDRPDefaultResources/HDRPDefaultResources/Breakable Windows/Scripts
  artifactKey: Guid(f3325457bb49f7e4280fa43af25f7a10) Importer(815301076,1909f56bfc062723c751e8b465ee728b)
Start importing Assets/HDRPDefaultResources/HDRPDefaultResources/Breakable Windows/Scripts using Guid(f3325457bb49f7e4280fa43af25f7a10) Importer(815301076,1909f56bfc062723c751e8b465ee728b)  -> (artifact id: 'dfb2680ab2286df0bdce0e9cde2219b7') in 0.005523 seconds 
  Import took 0.016538 seconds .

========================================================================
Received Import Request.
  Time since last request: 3.565967 seconds.
  path: Assets/HDRPDefaultResources/HDRPDefaultResources/Breakable Windows/Scripts/BreakableWindow.cs
  artifactKey: Guid(5aef12b9eecda774a904f3acacb2dbd7) Importer(815301076,1909f56bfc062723c751e8b465ee728b)
Start importing Assets/HDRPDefaultResources/HDRPDefaultResources/Breakable Windows/Scripts/BreakableWindow.cs using Guid(5aef12b9eecda774a904f3acacb2dbd7) Importer(815301076,1909f56bfc062723c751e8b465ee728b)  -> (artifact id: 'd105df42d00b455eb91cea86c98d1e35') in 0.002521 seconds 
  Import took 0.009802 seconds .

========================================================================
Received Import Request.
  Time since last request: 13.489225 seconds.
  path: Assets/HDRPDefaultResources/HDRPDefaultResources/DefaultHDRISky.exr
  artifactKey: Guid(4206654cb0540b9498ee3bbc98d58a81) Importer(815301076,1909f56bfc062723c751e8b465ee728b)
Start importing Assets/HDRPDefaultResources/HDRPDefaultResources/DefaultHDRISky.exr using Guid(4206654cb0540b9498ee3bbc98d58a81) Importer(815301076,1909f56bfc062723c751e8b465ee728b)  -> (artifact id: '287e64e837cd0b2b4c01719f5e033455') in 0.092433 seconds 
  Import took 0.100196 seconds .

========================================================================
Received Import Request.
  Time since last request: 0.000203 seconds.
  path: Assets/HDRPDefaultResources/HDRPDefaultResources/DefaultLookDevProfile.asset
  artifactKey: Guid(afff9d31fc7068044b7ad1e7eb4158d4) Importer(815301076,1909f56bfc062723c751e8b465ee728b)
Start importing Assets/HDRPDefaultResources/HDRPDefaultResources/DefaultLookDevProfile.asset using Guid(afff9d31fc7068044b7ad1e7eb4158d4) Importer(815301076,1909f56bfc062723c751e8b465ee728b)  -> (artifact id: '202d518521e0ab4760916277d39d5c41') in 0.008263 seconds 
  Import took 0.015064 seconds .

========================================================================
Received Import Request.
  Time since last request: 0.000323 seconds.
  path: Assets/HDRPDefaultResources/HDRPDefaultResources/DefaultHDRPAsset.asset
  artifactKey: Guid(4287a892aaca30b4fb7fb6e37e742c1b) Importer(815301076,1909f56bfc062723c751e8b465ee728b)
Start importing Assets/HDRPDefaultResources/HDRPDefaultResources/DefaultHDRPAsset.asset using Guid(4287a892aaca30b4fb7fb6e37e742c1b) Importer(815301076,1909f56bfc062723c751e8b465ee728b)  -> (artifact id: 'b041136981aebe548ec772444d60d7fb') in 0.007958 seconds 
  Import took 0.015822 seconds .

========================================================================
Received Import Request.
  Time since last request: 0.000274 seconds.
  path: Assets/HDRPDefaultResources/HDRPDefaultResources/DefaultSceneRoot.prefab
  artifactKey: Guid(42f6934f80eb41148a738ae623f40044) Importer(815301076,1909f56bfc062723c751e8b465ee728b)
Start importing Assets/HDRPDefaultResources/HDRPDefaultResources/DefaultSceneRoot.prefab using Guid(42f6934f80eb41148a738ae623f40044) Importer(815301076,1909f56bfc062723c751e8b465ee728b)  -> (artifact id: '5f4ab98525a78754084d2413e8dffdd6') in 0.033325 seconds 
  Import took 0.042539 seconds .

========================================================================
Received Import Request.
  Time since last request: 0.000308 seconds.
  path: Assets/HDRPDefaultResources/HDRPDefaultResources/DefaultVFXResources.asset
  artifactKey: Guid(b0f0e79f32e6168458251becfccb7944) Importer(815301076,1909f56bfc062723c751e8b465ee728b)
Start importing Assets/HDRPDefaultResources/HDRPDefaultResources/DefaultVFXResources.asset using Guid(b0f0e79f32e6168458251becfccb7944) Importer(815301076,1909f56bfc062723c751e8b465ee728b) Having more than one VFXResources in your project is unsupported
UnityEngine.StackTraceUtility:ExtractStackTrace ()
UnityEngine.DebugLogHandler:LogFormat (UnityEngine.LogType,UnityEngine.Object,string,object[])
UnityEngine.Logger:Log (UnityEngine.LogType,object)
UnityEngine.Debug:LogError (object)
UnityEditor.VFX.VFXResources:OnEnable () (at Library/PackageCache/com.unity.visualeffectgraph@10.7.0/Editor/Utils/VFXResources.cs:47)

(Filename: Library/PackageCache/com.unity.visualeffectgraph@10.7.0/Editor/Utils/VFXResources.cs Line: 47)

 -> (artifact id: '4c80b5992fba872710b24c0ccc6d024f') in 0.061382 seconds 
  Import took 0.069481 seconds .

========================================================================
Received Import Request.
  Time since last request: 25.840631 seconds.
  path: Assets/HDRPDefaultResources/HDRPDefaultResources/Fallen Tree Barrier - FREE
  artifactKey: Guid(f8bdd526d41b93b4181ad1d8212e4d6b) Importer(815301076,1909f56bfc062723c751e8b465ee728b)
Start importing Assets/HDRPDefaultResources/HDRPDefaultResources/Fallen Tree Barrier - FREE using Guid(f8bdd526d41b93b4181ad1d8212e4d6b) Importer(815301076,1909f56bfc062723c751e8b465ee728b)  -> (artifact id: '6e59ed628295d46943bdadd3ed2665db') in 0.005825 seconds 
  Import took 0.014209 seconds .

========================================================================
Received Import Request.
  Time since last request: 0.688895 seconds.
  path: Assets/HDRPDefaultResources/HDRPDefaultResources/Dactilardesign
  artifactKey: Guid(a43f1120e9d7cc24cb085499e0f0f752) Importer(815301076,1909f56bfc062723c751e8b465ee728b)
Start importing Assets/HDRPDefaultResources/HDRPDefaultResources/Dactilardesign using Guid(a43f1120e9d7cc24cb085499e0f0f752) Importer(815301076,1909f56bfc062723c751e8b465ee728b)  -> (artifact id: '99ec9bc7682833e3171529cbd408e7ab') in 0.007210 seconds 
  Import took 0.014858 seconds .

========================================================================
Received Import Request.
  Time since last request: 0.727554 seconds.
  path: Assets/HDRPDefaultResources/HDRPDefaultResources/Breakable Windows
  artifactKey: Guid(3b5908ef7f5840a4197ba29f90491fd0) Importer(815301076,1909f56bfc062723c751e8b465ee728b)
Start importing Assets/HDRPDefaultResources/HDRPDefaultResources/Breakable Windows using Guid(3b5908ef7f5840a4197ba29f90491fd0) Importer(815301076,1909f56bfc062723c751e8b465ee728b)  -> (artifact id: '7f860927f25ea5c908a1cee844ff9f3a') in 0.006367 seconds 
  Import took 0.013685 seconds .

========================================================================
Received Import Request.
  Time since last request: 32.560217 seconds.
  path: Assets/HDRPDefaultResources
  artifactKey: Guid(abc661c586a9116428571bb17ea1a331) Importer(815301076,1909f56bfc062723c751e8b465ee728b)
Start importing Assets/HDRPDefaultResources using Guid(abc661c586a9116428571bb17ea1a331) Importer(815301076,1909f56bfc062723c751e8b465ee728b)  -> (artifact id: 'f80c728ffaf2e45c45f21687e70664b7') in 0.006186 seconds 
  Import took 0.014923 seconds .

========================================================================
Received Import Request.
  Time since last request: 1.454231 seconds.
  path: Assets/HDRPDefaultResources/DefaultHDRISky.exr
  artifactKey: Guid(54a3a0570aebe8949bec4966f1376581) Importer(815301076,1909f56bfc062723c751e8b465ee728b)
Start importing Assets/HDRPDefaultResources/DefaultHDRISky.exr using Guid(54a3a0570aebe8949bec4966f1376581) Importer(815301076,1909f56bfc062723c751e8b465ee728b)  -> (artifact id: '1b574980b9275bed72a46f0a1c39b55a') in 0.013653 seconds 
  Import took 0.021333 seconds .

========================================================================
Received Import Request.
  Time since last request: 0.000197 seconds.
  path: Assets/HDRPDefaultResources/DefaultVFXResources.asset
  artifactKey: Guid(145290c901d58b343bdeb3b4362c9ff2) Importer(815301076,1909f56bfc062723c751e8b465ee728b)
Start importing Assets/HDRPDefaultResources/DefaultVFXResources.asset using Guid(145290c901d58b343bdeb3b4362c9ff2) Importer(815301076,1909f56bfc062723c751e8b465ee728b) Having more than one VFXResources in your project is unsupported
UnityEngine.StackTraceUtility:ExtractStackTrace ()
UnityEngine.DebugLogHandler:LogFormat (UnityEngine.LogType,UnityEngine.Object,string,object[])
UnityEngine.Logger:Log (UnityEngine.LogType,object)
UnityEngine.Debug:LogError (object)
UnityEditor.VFX.VFXResources:OnEnable () (at Library/PackageCache/com.unity.visualeffectgraph@10.7.0/Editor/Utils/VFXResources.cs:47)

(Filename: Library/PackageCache/com.unity.visualeffectgraph@10.7.0/Editor/Utils/VFXResources.cs Line: 47)

 -> (artifact id: '1b83f9103a18d73c743ecab2e8f50a74') in 0.043810 seconds 
  Import took 0.050501 seconds .

========================================================================
Received Import Request.
  Time since last request: 0.000278 seconds.
  path: Assets/HDRPDefaultResources/DefaultLookDevProfile.asset
  artifactKey: Guid(317b0c99a5ae23b43bec11c2bcb14772) Importer(815301076,1909f56bfc062723c751e8b465ee728b)
Start importing Assets/HDRPDefaultResources/DefaultLookDevProfile.asset using Guid(317b0c99a5ae23b43bec11c2bcb14772) Importer(815301076,1909f56bfc062723c751e8b465ee728b)  -> (artifact id: '0c70febce71746a53935bff655bdd15f') in 0.003197 seconds 
  Import took 0.011075 seconds .

========================================================================
Received Import Request.
  Time since last request: 0.000258 seconds.
  path: Assets/HDRPDefaultResources/DefaultHDRPAsset.asset
  artifactKey: Guid(e93c35b24eb03c74284e7dc0b755bfcc) Importer(815301076,1909f56bfc062723c751e8b465ee728b)
Start importing Assets/HDRPDefaultResources/DefaultHDRPAsset.asset using Guid(e93c35b24eb03c74284e7dc0b755bfcc) Importer(815301076,1909f56bfc062723c751e8b465ee728b)  -> (artifact id: 'ca50c4ee9904a6ce2b3cb8444caba621') in 0.004009 seconds 
  Import took 0.011124 seconds .

========================================================================
Received Import Request.
  Time since last request: 0.000200 seconds.
  path: Assets/HDRPDefaultResources/DefaultSceneRoot.prefab
  artifactKey: Guid(2bfa7b9d63fa79e4abdc033f54a868d2) Importer(815301076,1909f56bfc062723c751e8b465ee728b)
Start importing Assets/HDRPDefaultResources/DefaultSceneRoot.prefab using Guid(2bfa7b9d63fa79e4abdc033f54a868d2) Importer(815301076,1909f56bfc062723c751e8b465ee728b)  -> (artifact id: '9ed7b86190142ff69ae99dc0dd5cc60c') in 0.005847 seconds 
  Import took 0.013771 seconds .

========================================================================
Received Import Request.
  Time since last request: 1.439813 seconds.
  path: Assets/HDRPDefaultResources/HDRPDefaultResources
  artifactKey: Guid(db250e4c63e9b7d47be452e339baf544) Importer(815301076,1909f56bfc062723c751e8b465ee728b)
Start importing Assets/HDRPDefaultResources/HDRPDefaultResources using Guid(db250e4c63e9b7d47be452e339baf544) Importer(815301076,1909f56bfc062723c751e8b465ee728b)  -> (artifact id: 'a736d52d0cff8dc81b3f9b86d4bf0763') in 0.002401 seconds 
  Import took 0.009865 seconds .

========================================================================
Received Import Request.
  Time since last request: 5.230439 seconds.
  path: Assets/HDRPDefaultResources/ADG_Textures
  artifactKey: Guid(bac76f95b84b1f74b8b2bb8ed02e7d08) Importer(815301076,1909f56bfc062723c751e8b465ee728b)
Start importing Assets/HDRPDefaultResources/ADG_Textures using Guid(bac76f95b84b1f74b8b2bb8ed02e7d08) Importer(815301076,1909f56bfc062723c751e8b465ee728b)  -> (artifact id: 'bb80a7b80f30aad490a5790199d5c9c6') in 0.005607 seconds 
  Import took 0.027002 seconds .

========================================================================
Received Prepare
Registering precompiled user dll's ...
Registered in 0.005274 seconds.
Begin MonoManager ReloadAssembly
Native extension for WindowsStandalone target not found
Native extension for WebGL target not found
Refreshing native plugins compatible for Editor in 1.11 ms, found 2 plugins.
Preloading 0 native plugins for Editor in 0.00 ms.
Mono: successfully reloaded assembly
- Completed reload, in  1.331 seconds
Domain Reload Profiling:
	ReloadAssembly (1332ms)
		BeginReloadAssembly (127ms)
			ExecutionOrderSort (0ms)
			DisableScriptedObjects (5ms)
			BackupInstance (0ms)
			ReleaseScriptingObjects (0ms)
			CreateAndSetChildDomain (47ms)
		EndReloadAssembly (1138ms)
			LoadAssemblies (93ms)
			RebuildTransferFunctionScriptingTraits (0ms)
			SetupTypeCache (365ms)
			ReleaseScriptCaches (2ms)
			RebuildScriptCaches (84ms)
			SetupLoadedEditorAssemblies (427ms)
				LogAssemblyErrors (0ms)
				InitializePlatformSupportModulesInManaged (4ms)
				SetLoadedEditorAssemblies (0ms)
				RefreshPlugins (1ms)
				BeforeProcessingInitializeOnLoad (106ms)
				ProcessInitializeOnLoadAttributes (290ms)
				ProcessInitializeOnLoadMethodAttributes (18ms)
				AfterProcessingInitializeOnLoad (7ms)
				EditorAssembliesLoaded (0ms)
			ExecutionOrderSort2 (0ms)
			AwakeInstancesAfterBackupRestoration (11ms)
Platform modules already initialized, skipping
Refreshing native plugins compatible for Editor in 1.19 ms, found 2 plugins.
Preloading 0 native plugins for Editor in 0.00 ms.
Unloading 4364 Unused Serialized files (Serialized files now loaded: 0)
System memory in use before: 251.2 MB.
System memory in use after: 251.5 MB.

Unloading 26 unused Assets to reduce memory usage. Loaded Objects now: 5226.
Total: 4.587300 ms (FindLiveObjects: 0.483500 ms CreateObjectMapping: 0.108200 ms MarkObjects: 3.478700 ms  DeleteObjects: 0.515900 ms)

AssetImportParameters requested are different than current active one (requested -> active):
  custom:framework-win-MediaFoundation: 216162199b28c13a410421893ffa2e32 -> 
  custom:video-decoder-ogg-theora: a1e56fd34408186e4bbccfd4996cb3dc -> 
  custom:container-muxer-webm: aa71ff27fc2769a1b78a27578f13a17b -> 
  custom:container-demuxer-webm: 4f35f7cbe854078d1ac9338744f61a02 -> 
  custom:container-demuxer-ogg: 62fdf1f143b41e24485cea50d1cbac27 -> 
  custom:video-encoder-webm-vp8: eb34c28f22e8b96e1ab97ce403110664 -> 
  custom:video-decoder-webm-vp8: 9c59270c3fd7afecdb556c50c9e8de78 -> 
  custom:audio-decoder-ogg-vorbis: bf7c407c2cedff20999df2af8eb42d56 -> 
  custom:audio-encoder-webm-vorbis: bf7c407c2cedff20999df2af8eb42d56 -> 
========================================================================
Received Prepare
Registering precompiled user dll's ...
Registered in 0.005375 seconds.
Begin MonoManager ReloadAssembly
Native extension for WindowsStandalone target not found
Native extension for WebGL target not found
Refreshing native plugins compatible for Editor in 1.11 ms, found 2 plugins.
Preloading 0 native plugins for Editor in 0.00 ms.
Mono: successfully reloaded assembly
- Completed reload, in  1.211 seconds
Domain Reload Profiling:
	ReloadAssembly (1211ms)
		BeginReloadAssembly (118ms)
			ExecutionOrderSort (0ms)
			DisableScriptedObjects (4ms)
			BackupInstance (0ms)
			ReleaseScriptingObjects (0ms)
			CreateAndSetChildDomain (45ms)
		EndReloadAssembly (1036ms)
			LoadAssemblies (85ms)
			RebuildTransferFunctionScriptingTraits (0ms)
			SetupTypeCache (322ms)
			ReleaseScriptCaches (2ms)
			RebuildScriptCaches (80ms)
			SetupLoadedEditorAssemblies (392ms)
				LogAssemblyErrors (0ms)
				InitializePlatformSupportModulesInManaged (4ms)
				SetLoadedEditorAssemblies (0ms)
				RefreshPlugins (1ms)
				BeforeProcessingInitializeOnLoad (98ms)
				ProcessInitializeOnLoadAttributes (272ms)
				ProcessInitializeOnLoadMethodAttributes (9ms)
				AfterProcessingInitializeOnLoad (7ms)
				EditorAssembliesLoaded (0ms)
			ExecutionOrderSort2 (0ms)
			AwakeInstancesAfterBackupRestoration (15ms)
Platform modules already initialized, skipping
Refreshing native plugins compatible for Editor in 1.36 ms, found 2 plugins.
Preloading 0 native plugins for Editor in 0.00 ms.
Unloading 4362 Unused Serialized files (Serialized files now loaded: 0)
System memory in use before: 251.2 MB.
System memory in use after: 251.5 MB.

Unloading 17 unused Assets to reduce memory usage. Loaded Objects now: 5228.
Total: 4.178300 ms (FindLiveObjects: 0.642900 ms CreateObjectMapping: 0.114100 ms MarkObjects: 3.403000 ms  DeleteObjects: 0.017000 ms)

AssetImportParameters requested are different than current active one (requested -> active):
  custom:framework-win-MediaFoundation: 216162199b28c13a410421893ffa2e32 -> 
  custom:video-decoder-ogg-theora: a1e56fd34408186e4bbccfd4996cb3dc -> 
  custom:container-muxer-webm: aa71ff27fc2769a1b78a27578f13a17b -> 
  custom:container-demuxer-webm: 4f35f7cbe854078d1ac9338744f61a02 -> 
  custom:container-demuxer-ogg: 62fdf1f143b41e24485cea50d1cbac27 -> 
  custom:video-encoder-webm-vp8: eb34c28f22e8b96e1ab97ce403110664 -> 
  custom:video-decoder-webm-vp8: 9c59270c3fd7afecdb556c50c9e8de78 -> 
  custom:audio-decoder-ogg-vorbis: bf7c407c2cedff20999df2af8eb42d56 -> 
  custom:audio-encoder-webm-vorbis: bf7c407c2cedff20999df2af8eb42d56 -> 
========================================================================
Received Prepare
Registering precompiled user dll's ...
Registered in 0.005330 seconds.
Begin MonoManager ReloadAssembly
Native extension for WindowsStandalone target not found
Native extension for WebGL target not found
Refreshing native plugins compatible for Editor in 1.14 ms, found 2 plugins.
Preloading 0 native plugins for Editor in 0.00 ms.
Mono: successfully reloaded assembly
- Completed reload, in  1.273 seconds
Domain Reload Profiling:
	ReloadAssembly (1274ms)
		BeginReloadAssembly (112ms)
			ExecutionOrderSort (0ms)
			DisableScriptedObjects (4ms)
			BackupInstance (0ms)
			ReleaseScriptingObjects (0ms)
			CreateAndSetChildDomain (45ms)
		EndReloadAssembly (1102ms)
			LoadAssemblies (84ms)
			RebuildTransferFunctionScriptingTraits (0ms)
			SetupTypeCache (356ms)
			ReleaseScriptCaches (2ms)
			RebuildScriptCaches (84ms)
			SetupLoadedEditorAssemblies (412ms)
				LogAssemblyErrors (0ms)
				InitializePlatformSupportModulesInManaged (4ms)
				SetLoadedEditorAssemblies (0ms)
				RefreshPlugins (1ms)
				BeforeProcessingInitializeOnLoad (100ms)
				ProcessInitializeOnLoadAttributes (288ms)
				ProcessInitializeOnLoadMethodAttributes (11ms)
				AfterProcessingInitializeOnLoad (7ms)
				EditorAssembliesLoaded (0ms)
			ExecutionOrderSort2 (0ms)
			AwakeInstancesAfterBackupRestoration (17ms)
Platform modules already initialized, skipping
Refreshing native plugins compatible for Editor in 1.35 ms, found 2 plugins.
Preloading 0 native plugins for Editor in 0.00 ms.
Unloading 4362 Unused Serialized files (Serialized files now loaded: 0)
System memory in use before: 251.3 MB.
System memory in use after: 251.5 MB.

Unloading 17 unused Assets to reduce memory usage. Loaded Objects now: 5230.
Total: 4.224000 ms (FindLiveObjects: 0.446900 ms CreateObjectMapping: 0.108200 ms MarkObjects: 3.648000 ms  DeleteObjects: 0.019000 ms)

AssetImportParameters requested are different than current active one (requested -> active):
  custom:framework-win-MediaFoundation: 216162199b28c13a410421893ffa2e32 -> 
  custom:video-decoder-ogg-theora: a1e56fd34408186e4bbccfd4996cb3dc -> 
  custom:container-muxer-webm: aa71ff27fc2769a1b78a27578f13a17b -> 
  custom:container-demuxer-webm: 4f35f7cbe854078d1ac9338744f61a02 -> 
  custom:container-demuxer-ogg: 62fdf1f143b41e24485cea50d1cbac27 -> 
  custom:video-encoder-webm-vp8: eb34c28f22e8b96e1ab97ce403110664 -> 
  custom:video-decoder-webm-vp8: 9c59270c3fd7afecdb556c50c9e8de78 -> 
  custom:audio-decoder-ogg-vorbis: bf7c407c2cedff20999df2af8eb42d56 -> 
  custom:audio-encoder-webm-vorbis: bf7c407c2cedff20999df2af8eb42d56 -> 
========================================================================
Received Import Request.
  Time since last request: 284.239682 seconds.
  path: Assets/DeleteLater
  artifactKey: Guid(4a0aeaad71999b6438749c36660dbd90) Importer(815301076,1909f56bfc062723c751e8b465ee728b)
Start importing Assets/DeleteLater using Guid(4a0aeaad71999b6438749c36660dbd90) Importer(815301076,1909f56bfc062723c751e8b465ee728b)  -> (artifact id: 'd661dfe7006e4d41181236d7ed4e1692') in 0.012362 seconds 
  Import took 0.021309 seconds .

========================================================================
Received Import Request.
  Time since last request: 0.023704 seconds.
  path: Assets/DeleteLater/Sky and Fog Settings Profile.asset
  artifactKey: Guid(48dc07abbee3fed43972bd6d7a5339d6) Importer(815301076,1909f56bfc062723c751e8b465ee728b)
Start importing Assets/DeleteLater/Sky and Fog Settings Profile.asset using Guid(48dc07abbee3fed43972bd6d7a5339d6) Importer(815301076,1909f56bfc062723c751e8b465ee728b)  -> (artifact id: 'dba6e1b69d5facc266657b987d35083c') in 0.084328 seconds 
  Import took 0.092145 seconds .

========================================================================
Received Import Request.
  Time since last request: 3.587813 seconds.
  path: Assets/Fallen Tree Barrier - FREE
  artifactKey: Guid(f7624a883a9daf54bba8bdeda1f1a072) Importer(815301076,1909f56bfc062723c751e8b465ee728b)
Start importing Assets/Fallen Tree Barrier - FREE using Guid(f7624a883a9daf54bba8bdeda1f1a072) Importer(815301076,1909f56bfc062723c751e8b465ee728b)  -> (artifact id: '1a60a53bf97447878c1a3fccefe059e8') in 0.002387 seconds 
  Import took 0.011838 seconds .

========================================================================
Received Import Request.
  Time since last request: 1.672383 seconds.
  path: Assets/Free
  artifactKey: Guid(ba6cb74ed4d7b304e9d57e6c1f509ee2) Importer(815301076,1909f56bfc062723c751e8b465ee728b)
Start importing Assets/Free using Guid(ba6cb74ed4d7b304e9d57e6c1f509ee2) Importer(815301076,1909f56bfc062723c751e8b465ee728b)  -> (artifact id: '6fbaf1e0571c32869e86110d07efb9b8') in 0.006536 seconds 
  Import took 0.013960 seconds .

========================================================================
Received Import Request.
  Time since last request: 1.826017 seconds.
  path: Assets/Free/Wooden Floor Pack
  artifactKey: Guid(40913f1cb500cb14ca1fd0ed566f0170) Importer(815301076,1909f56bfc062723c751e8b465ee728b)
Start importing Assets/Free/Wooden Floor Pack using Guid(40913f1cb500cb14ca1fd0ed566f0170) Importer(815301076,1909f56bfc062723c751e8b465ee728b)  -> (artifact id: '713be78995f06f8298c88306ea572017') in 0.006398 seconds 
  Import took 0.013876 seconds .

========================================================================
Received Import Request.
  Time since last request: 4.867128 seconds.
  path: Assets/Main Game
  artifactKey: Guid(12c153708cedfcd49b013ee77d178961) Importer(815301076,1909f56bfc062723c751e8b465ee728b)
Start importing Assets/Main Game using Guid(12c153708cedfcd49b013ee77d178961) Importer(815301076,1909f56bfc062723c751e8b465ee728b)  -> (artifact id: '1982998ec24b9ad7d680a4292777294f') in 0.006112 seconds 
  Import took 0.015083 seconds .

========================================================================
Received Import Request.
  Time since last request: 0.129710 seconds.
  path: Assets/Main Game/LightingData.asset
  artifactKey: Guid(158ffbe91837f3d44b68250096243593) Importer(815301076,1909f56bfc062723c751e8b465ee728b)
Start importing Assets/Main Game/LightingData.asset using Guid(158ffbe91837f3d44b68250096243593) Importer(815301076,1909f56bfc062723c751e8b465ee728b)  -> (artifact id: 'c2d32e4febc8cbf7c6ad6633a0db1854') in 0.007331 seconds 
  Import took 0.015309 seconds .

========================================================================
Received Import Request.
  Time since last request: 0.000268 seconds.
  path: Assets/Main Game/Sky and Fog Settings Profile.asset
  artifactKey: Guid(3a7229215c4d31446ab03b44abd4c246) Importer(815301076,1909f56bfc062723c751e8b465ee728b)
Start importing Assets/Main Game/Sky and Fog Settings Profile.asset using Guid(3a7229215c4d31446ab03b44abd4c246) Importer(815301076,1909f56bfc062723c751e8b465ee728b)  -> (artifact id: '9091ff21c8a3a5a293155c4dab7ce967') in 0.007665 seconds 
  Import took 0.015436 seconds .

========================================================================
Received Import Request.
  Time since last request: 0.000372 seconds.
  path: Assets/Main Game/Lightmap-0_comp_light.exr
  artifactKey: Guid(9151eb20589621d41adf0e313ac7e1d6) Importer(815301076,1909f56bfc062723c751e8b465ee728b)
Start importing Assets/Main Game/Lightmap-0_comp_light.exr using Guid(9151eb20589621d41adf0e313ac7e1d6) Importer(815301076,1909f56bfc062723c751e8b465ee728b)  -> (artifact id: '9a645a26b904f4f371a6b46860b48762') in 0.031166 seconds 
  Import took 0.038105 seconds .

========================================================================
Received Import Request.
  Time since last request: 0.000256 seconds.
  path: Assets/Main Game/Sky and Fog Settings Profile 5.asset
  artifactKey: Guid(09e1d648ee3b69a4d97eb1d7ba5f0fad) Importer(815301076,1909f56bfc062723c751e8b465ee728b)
Start importing Assets/Main Game/Sky and Fog Settings Profile 5.asset using Guid(09e1d648ee3b69a4d97eb1d7ba5f0fad) Importer(815301076,1909f56bfc062723c751e8b465ee728b)  -> (artifact id: 'a9b2e1de9610561634870675c66836b7') in 0.013550 seconds 
  Import took 0.020177 seconds .

========================================================================
Received Import Request.
  Time since last request: 0.000264 seconds.
  path: Assets/Main Game/Sky and Fog Settings Profile 1.asset
  artifactKey: Guid(e82c68aac765ec047b45ba71dde2b65a) Importer(815301076,1909f56bfc062723c751e8b465ee728b)
Start importing Assets/Main Game/Sky and Fog Settings Profile 1.asset using Guid(e82c68aac765ec047b45ba71dde2b65a) Importer(815301076,1909f56bfc062723c751e8b465ee728b)  -> (artifact id: 'e601df7c612815f036c6b2325905473f') in 0.011546 seconds 
  Import took 0.018651 seconds .

========================================================================
Received Import Request.
  Time since last request: 0.000262 seconds.
  path: Assets/Main Game/Sky and Fog Settings Profile 3.asset
  artifactKey: Guid(de413a23a1c563646803d7551e668c1d) Importer(815301076,1909f56bfc062723c751e8b465ee728b)
Start importing Assets/Main Game/Sky and Fog Settings Profile 3.asset using Guid(de413a23a1c563646803d7551e668c1d) Importer(815301076,1909f56bfc062723c751e8b465ee728b)  -> (artifact id: '8ab38382657a2722856833092333f370') in 0.010847 seconds 
  Import took 0.018040 seconds .

========================================================================
Received Import Request.
  Time since last request: 0.000298 seconds.
  path: Assets/Main Game/Lightmap-0_comp_dir.png
  artifactKey: Guid(10f4620a5a6fc984aba6061422c226d8) Importer(815301076,1909f56bfc062723c751e8b465ee728b)
Start importing Assets/Main Game/Lightmap-0_comp_dir.png using Guid(10f4620a5a6fc984aba6061422c226d8) Importer(815301076,1909f56bfc062723c751e8b465ee728b)  -> (artifact id: 'c442caf4855864b1140c439957e814a7') in 0.020916 seconds 
  Import took 0.028365 seconds .

========================================================================
Received Import Request.
  Time since last request: 0.000311 seconds.
  path: Assets/Main Game/Sky and Fog Settings Profile 2.asset
  artifactKey: Guid(3a643854197ef8942861e777b1d47a75) Importer(815301076,1909f56bfc062723c751e8b465ee728b)
Start importing Assets/Main Game/Sky and Fog Settings Profile 2.asset using Guid(3a643854197ef8942861e777b1d47a75) Importer(815301076,1909f56bfc062723c751e8b465ee728b)  -> (artifact id: 'fdb54d102f5bf3fe09f29d5ad0ee1e56') in 0.007422 seconds 
  Import took 0.015201 seconds .

========================================================================
Received Import Request.
  Time since last request: 0.000217 seconds.
  path: Assets/Main Game/Sky and Fog Settings Profile 4.asset
  artifactKey: Guid(b7a8ad06d65107e4f82bc3edc3d4977b) Importer(815301076,1909f56bfc062723c751e8b465ee728b)
Start importing Assets/Main Game/Sky and Fog Settings Profile 4.asset using Guid(b7a8ad06d65107e4f82bc3edc3d4977b) Importer(815301076,1909f56bfc062723c751e8b465ee728b)  -> (artifact id: '19a2a0a84425ed65d6837368006d7494') in 0.013011 seconds 
  Import took 0.019868 seconds .

========================================================================
Received Import Request.
  Time since last request: 7.287348 seconds.
  path: Assets/SampleSceneAssets
  artifactKey: Guid(0608b30f8530dad4092512580c6c9daa) Importer(815301076,1909f56bfc062723c751e8b465ee728b)
Start importing Assets/SampleSceneAssets using Guid(0608b30f8530dad4092512580c6c9daa) Importer(815301076,1909f56bfc062723c751e8b465ee728b)  -> (artifact id: '2b26ac134f46cd663bc6e491eb68af77') in 0.006107 seconds 
  Import took 0.013971 seconds .

========================================================================
Received Import Request.
  Time since last request: 0.810819 seconds.
  path: Assets/SkySeries Freebie
  artifactKey: Guid(33268df07850b544c8ade2889f39150c) Importer(815301076,1909f56bfc062723c751e8b465ee728b)
Start importing Assets/SkySeries Freebie using Guid(33268df07850b544c8ade2889f39150c) Importer(815301076,1909f56bfc062723c751e8b465ee728b)  -> (artifact id: '37e54668a01d9062da7aae128d212963') in 0.005701 seconds 
  Import took 0.013596 seconds .

========================================================================
Received Prepare
Registering precompiled user dll's ...
Registered in 0.006356 seconds.
Begin MonoManager ReloadAssembly
Native extension for WindowsStandalone target not found
Native extension for WebGL target not found
Refreshing native plugins compatible for Editor in 1.31 ms, found 2 plugins.
Preloading 0 native plugins for Editor in 0.00 ms.
Mono: successfully reloaded assembly
- Completed reload, in  1.370 seconds
Domain Reload Profiling:
	ReloadAssembly (1371ms)
		BeginReloadAssembly (131ms)
			ExecutionOrderSort (0ms)
			DisableScriptedObjects (6ms)
			BackupInstance (0ms)
			ReleaseScriptingObjects (0ms)
			CreateAndSetChildDomain (52ms)
		EndReloadAssembly (1174ms)
			LoadAssemblies (103ms)
			RebuildTransferFunctionScriptingTraits (0ms)
			SetupTypeCache (351ms)
			ReleaseScriptCaches (2ms)
			RebuildScriptCaches (85ms)
			SetupLoadedEditorAssemblies (458ms)
				LogAssemblyErrors (0ms)
				InitializePlatformSupportModulesInManaged (4ms)
				SetLoadedEditorAssemblies (1ms)
				RefreshPlugins (1ms)
				BeforeProcessingInitializeOnLoad (114ms)
				ProcessInitializeOnLoadAttributes (316ms)
				ProcessInitializeOnLoadMethodAttributes (11ms)
				AfterProcessingInitializeOnLoad (9ms)
				EditorAssembliesLoaded (0ms)
			ExecutionOrderSort2 (0ms)
			AwakeInstancesAfterBackupRestoration (18ms)
Platform modules already initialized, skipping
Refreshing native plugins compatible for Editor in 1.64 ms, found 2 plugins.
Preloading 0 native plugins for Editor in 0.00 ms.
Unloading 4362 Unused Serialized files (Serialized files now loaded: 0)
System memory in use before: 251.3 MB.
System memory in use after: 251.6 MB.

Unloading 17 unused Assets to reduce memory usage. Loaded Objects now: 5236.
Total: 5.089100 ms (FindLiveObjects: 0.484500 ms CreateObjectMapping: 0.115500 ms MarkObjects: 4.463700 ms  DeleteObjects: 0.023900 ms)

AssetImportParameters requested are different than current active one (requested -> active):
  custom:framework-win-MediaFoundation: 216162199b28c13a410421893ffa2e32 -> 
  custom:video-decoder-ogg-theora: a1e56fd34408186e4bbccfd4996cb3dc -> 
  custom:container-muxer-webm: aa71ff27fc2769a1b78a27578f13a17b -> 
  custom:container-demuxer-webm: 4f35f7cbe854078d1ac9338744f61a02 -> 
  custom:container-demuxer-ogg: 62fdf1f143b41e24485cea50d1cbac27 -> 
  custom:video-encoder-webm-vp8: eb34c28f22e8b96e1ab97ce403110664 -> 
  custom:video-decoder-webm-vp8: 9c59270c3fd7afecdb556c50c9e8de78 -> 
  custom:audio-decoder-ogg-vorbis: bf7c407c2cedff20999df2af8eb42d56 -> 
  custom:audio-encoder-webm-vorbis: bf7c407c2cedff20999df2af8eb42d56 -> 
========================================================================
Received Import Request.
  Time since last request: 28.092072 seconds.
  path: Assets/Outside Assets/_Television_set/TV_00.prefab
  artifactKey: Guid(fceb5e52f8508724196c02c1216318d9) Importer(815301076,1909f56bfc062723c751e8b465ee728b)
Start importing Assets/Outside Assets/_Television_set/TV_00.prefab using Guid(fceb5e52f8508724196c02c1216318d9) Importer(815301076,1909f56bfc062723c751e8b465ee728b)  -> (artifact id: 'e23ea2955f712938f0f53875eb392c54') in 0.658258 seconds 
  Import took 0.672113 seconds .

========================================================================
Received Import Request.
  Time since last request: 0.000289 seconds.
  path: Assets/Outside Assets/_Television_set/TV_90_pic.prefab
  artifactKey: Guid(e6b4fced9d9b2be4d8e4b5756ef723ea) Importer(815301076,1909f56bfc062723c751e8b465ee728b)
Start importing Assets/Outside Assets/_Television_set/TV_90_pic.prefab using Guid(e6b4fced9d9b2be4d8e4b5756ef723ea) Importer(815301076,1909f56bfc062723c751e8b465ee728b)  -> (artifact id: '114ac220bab4a54e86514f61d17fd3aa') in 0.054510 seconds 
  Import took 0.063963 seconds .

========================================================================
Received Import Request.
  Time since last request: 0.000280 seconds.
  path: Assets/Outside Assets/_Television_set/TV_70_pic.prefab
  artifactKey: Guid(9b68a2aa6e4d98a4d98ab316a6a8df44) Importer(815301076,1909f56bfc062723c751e8b465ee728b)
Start importing Assets/Outside Assets/_Television_set/TV_70_pic.prefab using Guid(9b68a2aa6e4d98a4d98ab316a6a8df44) Importer(815301076,1909f56bfc062723c751e8b465ee728b)  -> (artifact id: 'e7d490b1d5aeaa9b5230c2f2c7b3bea9') in 0.054159 seconds 
  Import took 0.063843 seconds .

========================================================================
Received Import Request.
  Time since last request: 0.000281 seconds.
  path: Assets/Outside Assets/_Television_set/TV_80.prefab
  artifactKey: Guid(61399d2f3ed456342b96a35b5c92fb45) Importer(815301076,1909f56bfc062723c751e8b465ee728b)
Start importing Assets/Outside Assets/_Television_set/TV_80.prefab using Guid(61399d2f3ed456342b96a35b5c92fb45) Importer(815301076,1909f56bfc062723c751e8b465ee728b)  -> (artifact id: 'ceee4e3657f5a0f72f5f61603e6e4f09') in 0.054170 seconds 
  Import took 0.063732 seconds .

========================================================================
Received Import Request.
  Time since last request: 0.000284 seconds.
  path: Assets/Outside Assets/_Television_set/TV_90.prefab
  artifactKey: Guid(09f7146695c66af43a235d5ef8a2cb78) Importer(815301076,1909f56bfc062723c751e8b465ee728b)
Start importing Assets/Outside Assets/_Television_set/TV_90.prefab using Guid(09f7146695c66af43a235d5ef8a2cb78) Importer(815301076,1909f56bfc062723c751e8b465ee728b)  -> (artifact id: 'e24abe64aec9a9b01eedb4a3695c98a8') in 0.050660 seconds 
  Import took 0.059619 seconds .

========================================================================
Received Import Request.
  Time since last request: 0.000233 seconds.
  path: Assets/Outside Assets/_Television_set/TV_70.prefab
  artifactKey: Guid(36e08fddbbb585241afd80c5ff91baae) Importer(815301076,1909f56bfc062723c751e8b465ee728b)
Start importing Assets/Outside Assets/_Television_set/TV_70.prefab using Guid(36e08fddbbb585241afd80c5ff91baae) Importer(815301076,1909f56bfc062723c751e8b465ee728b)  -> (artifact id: '2dfd66d9ec981b4f7c122a076846ab8c') in 0.051417 seconds 
  Import took 0.059532 seconds .

========================================================================
Received Import Request.
  Time since last request: 0.000267 seconds.
  path: Assets/Outside Assets/_Television_set/TV_80_pic.prefab
  artifactKey: Guid(80d1d86e65f58704795cc2e78a3ef3f2) Importer(815301076,1909f56bfc062723c751e8b465ee728b)
Start importing Assets/Outside Assets/_Television_set/TV_80_pic.prefab using Guid(80d1d86e65f58704795cc2e78a3ef3f2) Importer(815301076,1909f56bfc062723c751e8b465ee728b)  -> (artifact id: 'e9a93b1e9585b1a883d344299befb956') in 0.051074 seconds 
  Import took 0.060393 seconds .

========================================================================
Received Import Request.
  Time since last request: 0.000220 seconds.
  path: Assets/Outside Assets/_Television_set/TV_00_pic.prefab
  artifactKey: Guid(ba7c1599e3d5a734b9f29545efdcf78a) Importer(815301076,1909f56bfc062723c751e8b465ee728b)
Start importing Assets/Outside Assets/_Television_set/TV_00_pic.prefab using Guid(ba7c1599e3d5a734b9f29545efdcf78a) Importer(815301076,1909f56bfc062723c751e8b465ee728b)  -> (artifact id: '3be9d9abd91855434ec8ad418f5453fa') in 0.009761 seconds 
  Import took 0.018095 seconds .

========================================================================
Received Import Request.
  Time since last request: 27.529632 seconds.
  path: Assets/The characters files
  artifactKey: Guid(1c6c06b6fb8f7ef489b81338120be8c8) Importer(815301076,1909f56bfc062723c751e8b465ee728b)
Start importing Assets/The characters files using Guid(1c6c06b6fb8f7ef489b81338120be8c8) Importer(815301076,1909f56bfc062723c751e8b465ee728b)  -> (artifact id: 'b00056098a1cbf4e3ab870532411284e') in 0.006022 seconds 
  Import took 0.014837 seconds .

========================================================================
Received Import Request.
  Time since last request: 1.099927 seconds.
  path: Assets/The characters files/Test Character
  artifactKey: Guid(82b1bf7d24e5f434e84f83d86b4cd0f9) Importer(815301076,1909f56bfc062723c751e8b465ee728b)
Start importing Assets/The characters files/Test Character using Guid(82b1bf7d24e5f434e84f83d86b4cd0f9) Importer(815301076,1909f56bfc062723c751e8b465ee728b)  -> (artifact id: '2280501f458a375848b667c0d6acd448') in 0.006459 seconds 
  Import took 0.014045 seconds .

========================================================================
Received Import Request.
  Time since last request: 0.553547 seconds.
  path: Assets/The characters files/Test Character/Noctis.FBX
  artifactKey: Guid(2de95a18db77aa54dacdc22e7e844af5) Importer(815301076,1909f56bfc062723c751e8b465ee728b)
Start importing Assets/The characters files/Test Character/Noctis.FBX using Guid(2de95a18db77aa54dacdc22e7e844af5) Importer(815301076,1909f56bfc062723c751e8b465ee728b)  -> (artifact id: 'f6a7213805521dd144b1d5241d7aedc2') in 0.264352 seconds 
  Import took 0.273459 seconds .

========================================================================
Received Prepare
Registering precompiled user dll's ...
Registered in 0.005296 seconds.
Begin MonoManager ReloadAssembly
Native extension for WindowsStandalone target not found
Native extension for WebGL target not found
Refreshing native plugins compatible for Editor in 1.26 ms, found 2 plugins.
Preloading 0 native plugins for Editor in 0.00 ms.
Mono: successfully reloaded assembly
- Completed reload, in  1.470 seconds
Domain Reload Profiling:
	ReloadAssembly (1471ms)
		BeginReloadAssembly (200ms)
			ExecutionOrderSort (0ms)
			DisableScriptedObjects (33ms)
			BackupInstance (0ms)
			ReleaseScriptingObjects (0ms)
			CreateAndSetChildDomain (54ms)
		EndReloadAssembly (1209ms)
			LoadAssemblies (93ms)
			RebuildTransferFunctionScriptingTraits (0ms)
			SetupTypeCache (336ms)
			ReleaseScriptCaches (2ms)
			RebuildScriptCaches (87ms)
			SetupLoadedEditorAssemblies (432ms)
				LogAssemblyErrors (0ms)
				InitializePlatformSupportModulesInManaged (5ms)
				SetLoadedEditorAssemblies (0ms)
				RefreshPlugins (1ms)
				BeforeProcessingInitializeOnLoad (108ms)
				ProcessInitializeOnLoadAttributes (299ms)
				ProcessInitializeOnLoadMethodAttributes (10ms)
				AfterProcessingInitializeOnLoad (8ms)
				EditorAssembliesLoaded (0ms)
			ExecutionOrderSort2 (0ms)
			AwakeInstancesAfterBackupRestoration (13ms)
Platform modules already initialized, skipping
Refreshing native plugins compatible for Editor in 1.26 ms, found 2 plugins.
Preloading 0 native plugins for Editor in 0.00 ms.
Unloading 4375 Unused Serialized files (Serialized files now loaded: 0)
System memory in use before: 266.0 MB.
System memory in use after: 266.3 MB.

Unloading 17 unused Assets to reduce memory usage. Loaded Objects now: 5412.
Total: 4.319000 ms (FindLiveObjects: 0.565700 ms CreateObjectMapping: 0.114400 ms MarkObjects: 3.619800 ms  DeleteObjects: 0.017200 ms)

AssetImportParameters requested are different than current active one (requested -> active):
  custom:framework-win-MediaFoundation: 216162199b28c13a410421893ffa2e32 -> 
  custom:video-decoder-ogg-theora: a1e56fd34408186e4bbccfd4996cb3dc -> 
  custom:container-muxer-webm: aa71ff27fc2769a1b78a27578f13a17b -> 
  custom:container-demuxer-webm: 4f35f7cbe854078d1ac9338744f61a02 -> 
  custom:container-demuxer-ogg: 62fdf1f143b41e24485cea50d1cbac27 -> 
  custom:video-encoder-webm-vp8: eb34c28f22e8b96e1ab97ce403110664 -> 
  custom:video-decoder-webm-vp8: 9c59270c3fd7afecdb556c50c9e8de78 -> 
  custom:audio-decoder-ogg-vorbis: bf7c407c2cedff20999df2af8eb42d56 -> 
  custom:audio-encoder-webm-vorbis: bf7c407c2cedff20999df2af8eb42d56 -> 
========================================================================
Received Prepare
Registering precompiled user dll's ...
Registered in 0.005827 seconds.
Begin MonoManager ReloadAssembly
Native extension for WindowsStandalone target not found
Native extension for WebGL target not found
Refreshing native plugins compatible for Editor in 1.38 ms, found 2 plugins.
Preloading 0 native plugins for Editor in 0.00 ms.
Mono: successfully reloaded assembly
- Completed reload, in  1.388 seconds
Domain Reload Profiling:
	ReloadAssembly (1389ms)
		BeginReloadAssembly (124ms)
			ExecutionOrderSort (0ms)
			DisableScriptedObjects (5ms)
			BackupInstance (0ms)
			ReleaseScriptingObjects (0ms)
			CreateAndSetChildDomain (44ms)
		EndReloadAssembly (1203ms)
			LoadAssemblies (86ms)
			RebuildTransferFunctionScriptingTraits (0ms)
			SetupTypeCache (348ms)
			ReleaseScriptCaches (2ms)
			RebuildScriptCaches (87ms)
			SetupLoadedEditorAssemblies (431ms)
				LogAssemblyErrors (0ms)
				InitializePlatformSupportModulesInManaged (5ms)
				SetLoadedEditorAssemblies (1ms)
				RefreshPlugins (1ms)
				BeforeProcessingInitializeOnLoad (107ms)
				ProcessInitializeOnLoadAttributes (299ms)
				ProcessInitializeOnLoadMethodAttributes (10ms)
				AfterProcessingInitializeOnLoad (7ms)
				EditorAssembliesLoaded (0ms)
			ExecutionOrderSort2 (0ms)
			AwakeInstancesAfterBackupRestoration (22ms)
Platform modules already initialized, skipping
Refreshing native plugins compatible for Editor in 1.25 ms, found 2 plugins.
Preloading 0 native plugins for Editor in 0.00 ms.
Unloading 4362 Unused Serialized files (Serialized files now loaded: 0)
System memory in use before: 265.1 MB.
System memory in use after: 265.4 MB.

Unloading 17 unused Assets to reduce memory usage. Loaded Objects now: 5414.
Total: 4.235300 ms (FindLiveObjects: 0.533100 ms CreateObjectMapping: 0.112400 ms MarkObjects: 3.570100 ms  DeleteObjects: 0.018000 ms)

AssetImportParameters requested are different than current active one (requested -> active):
  custom:framework-win-MediaFoundation: 216162199b28c13a410421893ffa2e32 -> 
  custom:video-decoder-ogg-theora: a1e56fd34408186e4bbccfd4996cb3dc -> 
  custom:container-muxer-webm: aa71ff27fc2769a1b78a27578f13a17b -> 
  custom:container-demuxer-webm: 4f35f7cbe854078d1ac9338744f61a02 -> 
  custom:container-demuxer-ogg: 62fdf1f143b41e24485cea50d1cbac27 -> 
  custom:video-encoder-webm-vp8: eb34c28f22e8b96e1ab97ce403110664 -> 
  custom:video-decoder-webm-vp8: 9c59270c3fd7afecdb556c50c9e8de78 -> 
  custom:audio-decoder-ogg-vorbis: bf7c407c2cedff20999df2af8eb42d56 -> 
  custom:audio-encoder-webm-vorbis: bf7c407c2cedff20999df2af8eb42d56 -> 
========================================================================
Received Import Request.
  Time since last request: 29.624906 seconds.
  path: Assets/HDRPFurniturePack
  artifactKey: Guid(be37cd4a13fe73145863835e01b55028) Importer(815301076,1909f56bfc062723c751e8b465ee728b)
Start importing Assets/HDRPFurniturePack using Guid(be37cd4a13fe73145863835e01b55028) Importer(815301076,1909f56bfc062723c751e8b465ee728b)  -> (artifact id: 'd04e5cc3cc739b575baa131e14fff2be') in 0.010862 seconds 
  Import took 0.018912 seconds .

========================================================================
Received Import Request.
  Time since last request: 8.896858 seconds.
  path: Assets/OutdoorsScene
  artifactKey: Guid(50a0cdac94448e8409e41762cdbc8878) Importer(815301076,1909f56bfc062723c751e8b465ee728b)
Start importing Assets/OutdoorsScene using Guid(50a0cdac94448e8409e41762cdbc8878) Importer(815301076,1909f56bfc062723c751e8b465ee728b)  -> (artifact id: '13d550f6df031c1f79596fd0c3b609d3') in 0.005730 seconds 
  Import took 0.014048 seconds .

========================================================================
Received Import Request.
  Time since last request: 11.351996 seconds.
  path: Assets/MoveSphere.cs
  artifactKey: Guid(aabf2da3883a8824eb44e8ad8715af1b) Importer(815301076,1909f56bfc062723c751e8b465ee728b)
Start importing Assets/MoveSphere.cs using Guid(aabf2da3883a8824eb44e8ad8715af1b) Importer(815301076,1909f56bfc062723c751e8b465ee728b)  -> (artifact id: '1da2010baab42bdea1e83d8e921c819c') in 0.006210 seconds 
  Import took 0.014186 seconds .

========================================================================
Received Prepare
Registering precompiled user dll's ...
Registered in 0.005234 seconds.
Begin MonoManager ReloadAssembly
Native extension for WindowsStandalone target not found
Native extension for WebGL target not found
Refreshing native plugins compatible for Editor in 1.23 ms, found 2 plugins.
Preloading 0 native plugins for Editor in 0.00 ms.
Mono: successfully reloaded assembly
- Completed reload, in  1.368 seconds
Domain Reload Profiling:
	ReloadAssembly (1368ms)
		BeginReloadAssembly (114ms)
			ExecutionOrderSort (0ms)
			DisableScriptedObjects (6ms)
			BackupInstance (0ms)
			ReleaseScriptingObjects (0ms)
			CreateAndSetChildDomain (43ms)
		EndReloadAssembly (1188ms)
			LoadAssemblies (82ms)
			RebuildTransferFunctionScriptingTraits (0ms)
			SetupTypeCache (341ms)
			ReleaseScriptCaches (2ms)
			RebuildScriptCaches (83ms)
			SetupLoadedEditorAssemblies (434ms)
				LogAssemblyErrors (0ms)
				InitializePlatformSupportModulesInManaged (5ms)
				SetLoadedEditorAssemblies (0ms)
				RefreshPlugins (1ms)
				BeforeProcessingInitializeOnLoad (114ms)
				ProcessInitializeOnLoadAttributes (295ms)
				ProcessInitializeOnLoadMethodAttributes (10ms)
				AfterProcessingInitializeOnLoad (7ms)
				EditorAssembliesLoaded (0ms)
			ExecutionOrderSort2 (0ms)
			AwakeInstancesAfterBackupRestoration (22ms)
Platform modules already initialized, skipping
Refreshing native plugins compatible for Editor in 1.14 ms, found 2 plugins.
Preloading 0 native plugins for Editor in 0.00 ms.
Unloading 4361 Unused Serialized files (Serialized files now loaded: 0)
System memory in use before: 265.1 MB.
System memory in use after: 265.3 MB.

Unloading 18 unused Assets to reduce memory usage. Loaded Objects now: 5415.
Total: 4.764400 ms (FindLiveObjects: 0.519100 ms CreateObjectMapping: 0.113300 ms MarkObjects: 4.106500 ms  DeleteObjects: 0.023100 ms)

AssetImportParameters requested are different than current active one (requested -> active):
  custom:framework-win-MediaFoundation: 216162199b28c13a410421893ffa2e32 -> 
  custom:video-decoder-ogg-theora: a1e56fd34408186e4bbccfd4996cb3dc -> 
  custom:container-muxer-webm: aa71ff27fc2769a1b78a27578f13a17b -> 
  custom:container-demuxer-webm: 4f35f7cbe854078d1ac9338744f61a02 -> 
  custom:container-demuxer-ogg: 62fdf1f143b41e24485cea50d1cbac27 -> 
  custom:video-encoder-webm-vp8: eb34c28f22e8b96e1ab97ce403110664 -> 
  custom:video-decoder-webm-vp8: 9c59270c3fd7afecdb556c50c9e8de78 -> 
  custom:audio-decoder-ogg-vorbis: bf7c407c2cedff20999df2af8eb42d56 -> 
  custom:audio-encoder-webm-vorbis: bf7c407c2cedff20999df2af8eb42d56 -> 
========================================================================
Received Import Request.
  Time since last request: 25.277112 seconds.
  path: Assets/Outside World Data
  artifactKey: Guid(42729a39ca73e174ebafd24136a18fc4) Importer(815301076,1909f56bfc062723c751e8b465ee728b)
Start importing Assets/Outside World Data using Guid(42729a39ca73e174ebafd24136a18fc4) Importer(815301076,1909f56bfc062723c751e8b465ee728b)  -> (artifact id: '993c552ba577d0fbe918d1d2447f91e8') in 0.012840 seconds 
  Import took 0.021669 seconds .

========================================================================
Received Prepare
Registering precompiled user dll's ...
Registered in 0.005245 seconds.
Begin MonoManager ReloadAssembly
Native extension for WindowsStandalone target not found
Native extension for WebGL target not found
Refreshing native plugins compatible for Editor in 1.14 ms, found 2 plugins.
Preloading 0 native plugins for Editor in 0.00 ms.
Mono: successfully reloaded assembly
- Completed reload, in  1.321 seconds
Domain Reload Profiling:
	ReloadAssembly (1322ms)
		BeginReloadAssembly (117ms)
			ExecutionOrderSort (0ms)
			DisableScriptedObjects (6ms)
			BackupInstance (0ms)
			ReleaseScriptingObjects (0ms)
			CreateAndSetChildDomain (43ms)
		EndReloadAssembly (1146ms)
			LoadAssemblies (83ms)
			RebuildTransferFunctionScriptingTraits (0ms)
			SetupTypeCache (325ms)
			ReleaseScriptCaches (2ms)
			RebuildScriptCaches (81ms)
			SetupLoadedEditorAssemblies (422ms)
				LogAssemblyErrors (0ms)
				InitializePlatformSupportModulesInManaged (4ms)
				SetLoadedEditorAssemblies (0ms)
				RefreshPlugins (1ms)
				BeforeProcessingInitializeOnLoad (104ms)
				ProcessInitializeOnLoadAttributes (296ms)
				ProcessInitializeOnLoadMethodAttributes (10ms)
				AfterProcessingInitializeOnLoad (6ms)
				EditorAssembliesLoaded (0ms)
			ExecutionOrderSort2 (0ms)
			AwakeInstancesAfterBackupRestoration (20ms)
Platform modules already initialized, skipping
Refreshing native plugins compatible for Editor in 1.22 ms, found 2 plugins.
Preloading 0 native plugins for Editor in 0.00 ms.
Unloading 4360 Unused Serialized files (Serialized files now loaded: 0)
System memory in use before: 265.1 MB.
System memory in use after: 265.3 MB.

Unloading 18 unused Assets to reduce memory usage. Loaded Objects now: 5416.
Total: 4.219100 ms (FindLiveObjects: 0.499000 ms CreateObjectMapping: 0.116900 ms MarkObjects: 3.581900 ms  DeleteObjects: 0.020100 ms)

AssetImportParameters requested are different than current active one (requested -> active):
  custom:framework-win-MediaFoundation: 216162199b28c13a410421893ffa2e32 -> 
  custom:video-decoder-ogg-theora: a1e56fd34408186e4bbccfd4996cb3dc -> 
  custom:container-muxer-webm: aa71ff27fc2769a1b78a27578f13a17b -> 
  custom:container-demuxer-webm: 4f35f7cbe854078d1ac9338744f61a02 -> 
  custom:container-demuxer-ogg: 62fdf1f143b41e24485cea50d1cbac27 -> 
  custom:video-encoder-webm-vp8: eb34c28f22e8b96e1ab97ce403110664 -> 
  custom:video-decoder-webm-vp8: 9c59270c3fd7afecdb556c50c9e8de78 -> 
  custom:audio-decoder-ogg-vorbis: bf7c407c2cedff20999df2af8eb42d56 -> 
  custom:audio-encoder-webm-vorbis: bf7c407c2cedff20999df2af8eb42d56 -> 
AssetImportWorkerClient::OnTransportError - code=2 error=End of file
